# JRE version: OpenJDK Runtime Environment (11.0.15) (build 11.0.15+0-b2043.56-9505619)
# Java VM: OpenJDK 64-Bit Server VM (11.0.15+0-b2043.56-9505619, mixed mode, tiered, compressed oops, g1 gc, windows-amd64)
Heap:
 garbage-first heap   total 616448K, used 266469K [0x0000000080000000, 0x0000000100000000)
  region size 1024K, 7 young (7168K), 7 survivors (7168K)
 Metaspace       used 116612K, capacity 119870K, committed 120112K, reserved 1153024K
  class space    used 15034K, capacity 16324K, committed 16384K, reserved 1048576K
GC Heap History (20 events):
Event: 45.182 GC heap after
{Heap after GC invocations=49 (full 0):
 garbage-first heap   total 220160K, used 117295K [0x0000000080000000, 0x0000000100000000)
  region size 1024K, 1 young (1024K), 1 survivors (1024K)
 Metaspace       used 101520K, capacity 104108K, committed 104368K, reserved 1140736K
  class space    used 12910K, capacity 13920K, committed 13952K, reserved 1048576K
}
Event: 45.848 GC heap before
{Heap before GC invocations=50 (full 0):
 garbage-first heap   total 220160K, used 167623K [0x0000000080000000, 0x0000000100000000)
  region size 1024K, 44 young (45056K), 1 survivors (1024K)
 Metaspace       used 103191K, capacity 105856K, committed 106160K, reserved 1140736K
  class space    used 13122K, capacity 14142K, committed 14208K, reserved 1048576K
}
Event: 45.856 GC heap after
{Heap after GC invocations=51 (full 0):
 garbage-first heap   total 220160K, used 130048K [0x0000000080000000, 0x0000000100000000)
  region size 1024K, 6 young (6144K), 6 survivors (6144K)
 Metaspace       used 103191K, capacity 105856K, committed 106160K, reserved 1140736K
  class space    used 13122K, capacity 14142K, committed 14208K, reserved 1048576K
}
Event: 45.907 GC heap before
{Heap before GC invocations=51 (full 0):
 garbage-first heap   total 220160K, used 134144K [0x0000000080000000, 0x0000000100000000)
  region size 1024K, 10 young (10240K), 6 survivors (6144K)
 Metaspace       used 103756K, capacity 106409K, committed 106544K, reserved 1142784K
  class space    used 13200K, capacity 14241K, committed 14336K, reserved 1048576K
}
Event: 45.916 GC heap after
{Heap after GC invocations=52 (full 0):
 garbage-first heap   total 264192K, used 121268K [0x0000000080000000, 0x0000000100000000)
  region size 1024K, 1 young (1024K), 1 survivors (1024K)
 Metaspace       used 103756K, capacity 106409K, committed 106544K, reserved 1142784K
  class space    used 13200K, capacity 14241K, committed 14336K, reserved 1048576K
}
Event: 46.428 GC heap before
{Heap before GC invocations=52 (full 0):
 garbage-first heap   total 264192K, used 210356K [0x0000000080000000, 0x0000000100000000)
  region size 1024K, 61 young (62464K), 1 survivors (1024K)
 Metaspace       used 107362K, capacity 110090K, committed 110384K, reserved 1144832K
  class space    used 13696K, capacity 14745K, committed 14848K, reserved 1048576K
}
Event: 46.443 GC heap after
{Heap after GC invocations=53 (full 0):
 garbage-first heap   total 264192K, used 143771K [0x0000000080000000, 0x0000000100000000)
  region size 1024K, 8 young (8192K), 8 survivors (8192K)
 Metaspace       used 107362K, capacity 110090K, committed 110384K, reserved 1144832K
  class space    used 13696K, capacity 14745K, committed 14848K, reserved 1048576K
}
Event: 46.925 GC heap before
{Heap before GC invocations=54 (full 0):
 garbage-first heap   total 264192K, used 198043K [0x0000000080000000, 0x0000000100000000)
  region size 1024K, 60 young (61440K), 8 survivors (8192K)
 Metaspace       used 109522K, capacity 112303K, committed 112432K, reserved 1146880K
  class space    used 14011K, capacity 15063K, committed 15104K, reserved 1048576K
}
Event: 46.954 GC heap after
{Heap after GC invocations=55 (full 0):
 garbage-first heap   total 264192K, used 158490K [0x0000000080000000, 0x0000000100000000)
  region size 1024K, 8 young (8192K), 8 survivors (8192K)
 Metaspace       used 109522K, capacity 112303K, committed 112432K, reserved 1146880K
  class space    used 14011K, capacity 15063K, committed 15104K, reserved 1048576K
}
Event: 47.399 GC heap before
{Heap before GC invocations=55 (full 0):
 garbage-first heap   total 264192K, used 204570K [0x0000000080000000, 0x0000000100000000)
  region size 1024K, 53 young (54272K), 8 survivors (8192K)
 Metaspace       used 111497K, capacity 114299K, committed 114352K, reserved 1148928K
  class space    used 14380K, capacity 15472K, committed 15488K, reserved 1048576K
}
Event: 47.436 GC heap after
{Heap after GC invocations=56 (full 0):
 garbage-first heap   total 264192K, used 178723K [0x0000000080000000, 0x0000000100000000)
  region size 1024K, 7 young (7168K), 7 survivors (7168K)
 Metaspace       used 111497K, capacity 114299K, committed 114352K, reserved 1148928K
  class space    used 14380K, capacity 15472K, committed 15488K, reserved 1048576K
}
Event: 47.574 GC heap before
{Heap before GC invocations=56 (full 0):
 garbage-first heap   total 264192K, used 210467K [0x0000000080000000, 0x0000000100000000)
  region size 1024K, 38 young (38912K), 7 survivors (7168K)
 Metaspace       used 111579K, capacity 114403K, committed 114736K, reserved 1148928K
  class space    used 14383K, capacity 15504K, committed 15616K, reserved 1048576K
}
Event: 47.607 GC heap after
{Heap after GC invocations=57 (full 0):
 garbage-first heap   total 437248K, used 195404K [0x0000000080000000, 0x0000000100000000)
  region size 1024K, 5 young (5120K), 5 survivors (5120K)
 Metaspace       used 111579K, capacity 114403K, committed 114736K, reserved 1148928K
  class space    used 14383K, capacity 15504K, committed 15616K, reserved 1048576K
}
Event: 48.872 GC heap before
{Heap before GC invocations=57 (full 0):
 garbage-first heap   total 437248K, used 274252K [0x0000000080000000, 0x0000000100000000)
  region size 1024K, 82 young (83968K), 5 survivors (5120K)
 Metaspace       used 115191K, capacity 118287K, committed 118448K, reserved 1150976K
  class space    used 14892K, capacity 16131K, committed 16256K, reserved 1048576K
}
Event: 48.912 GC heap after
{Heap after GC invocations=58 (full 0):
 garbage-first heap   total 437248K, used 214016K [0x0000000080000000, 0x0000000100000000)
  region size 1024K, 11 young (11264K), 11 survivors (11264K)
 Metaspace       used 115191K, capacity 118287K, committed 118448K, reserved 1150976K
  class space    used 14892K, capacity 16131K, committed 16256K, reserved 1048576K
}
Event: 50.290 GC heap before
{Heap before GC invocations=58 (full 0):
 garbage-first heap   total 437248K, used 303104K [0x0000000080000000, 0x0000000100000000)
  region size 1024K, 88 young (90112K), 11 survivors (11264K)
 Metaspace       used 115919K, capacity 119102K, committed 119216K, reserved 1153024K
  class space    used 14972K, capacity 16222K, committed 16256K, reserved 1048576K
}
Event: 50.324 GC heap after
{Heap after GC invocations=59 (full 0):
 garbage-first heap   total 437248K, used 231527K [0x0000000080000000, 0x0000000100000000)
  region size 1024K, 5 young (5120K), 5 survivors (5120K)
 Metaspace       used 115919K, capacity 119102K, committed 119216K, reserved 1153024K
  class space    used 14972K, capacity 16222K, committed 16256K, reserved 1048576K
}
Event: 51.437 GC heap before
{Heap before GC invocations=59 (full 0):
 garbage-first heap   total 437248K, used 320615K [0x0000000080000000, 0x0000000100000000)
  region size 1024K, 82 young (83968K), 5 survivors (5120K)
 Metaspace       used 116425K, capacity 119576K, committed 119856K, reserved 1153024K
  class space    used 15024K, capacity 16291K, committed 16384K, reserved 1048576K
}
Event: 51.468 GC heap after
{Heap after GC invocations=60 (full 0):
 garbage-first heap   total 437248K, used 252160K [0x0000000080000000, 0x0000000100000000)
  region size 1024K, 11 young (11264K), 11 survivors (11264K)
 Metaspace       used 116425K, capacity 119576K, committed 119856K, reserved 1153024K
  class space    used 15024K, capacity 16291K, committed 16384K, reserved 1048576K
}
Event: 51.882 GC heap before
{Heap before GC invocations=60 (full 0):
 garbage-first heap   total 437248K, used 336128K [0x0000000080000000, 0x0000000100000000)
  region size 1024K, 85 young (87040K), 11 survivors (11264K)
 Metaspace       used 116612K, capacity 119870K, committed 120112K, reserved 1153024K
  class space    used 15034K, capacity 16324K, committed 16384K, reserved 1048576K
}

