# JRE version: OpenJDK Runtime Environment (11.0.15) (build 11.0.15+0-b2043.56-9505619)
# Java VM: OpenJDK 64-Bit Server VM (11.0.15+0-b2043.56-9505619, mixed mode, tiered, compressed oops, g1 gc, windows-amd64)
Heap:
 garbage-first heap   total 425984K, used 247057K [0x0000000080000000, 0x0000000100000000)
  region size 1024K, 3 young (3072K), 3 survivors (3072K)
 Metaspace       used 158519K, capacity 163409K, committed 163548K, reserved 1191936K
  class space    used 19991K, capacity 21808K, committed 21824K, reserved 1048576K
GC Heap History (20 events):
Event: 1281.180 GC heap after
{Heap after GC invocations=141 (full 0):
 garbage-first heap   total 296960K, used 261157K [0x0000000080000000, 0x0000000100000000)
  region size 1024K, 1 young (1024K), 1 survivors (1024K)
 Metaspace       used 153008K, capacity 157731K, committed 158044K, reserved 1185792K
  class space    used 19539K, capacity 21270K, committed 21440K, reserved 1048576K
}
Event: 1281.558 GC heap before
{Heap before GC invocations=141 (full 0):
 garbage-first heap   total 296960K, used 290853K [0x0000000080000000, 0x0000000100000000)
  region size 1024K, 14 young (14336K), 1 survivors (1024K)
 Metaspace       used 153125K, capacity 157848K, committed 158044K, reserved 1185792K
  class space    used 19549K, capacity 21306K, committed 21440K, reserved 1048576K
}
Event: 1281.563 GC heap after
{Heap after GC invocations=142 (full 0):
 garbage-first heap   total 296960K, used 261603K [0x0000000080000000, 0x0000000100000000)
  region size 1024K, 1 young (1024K), 1 survivors (1024K)
 Metaspace       used 153125K, capacity 157848K, committed 158044K, reserved 1185792K
  class space    used 19549K, capacity 21306K, committed 21440K, reserved 1048576K
}
Event: 1281.656 GC heap before
{Heap before GC invocations=142 (full 0):
 garbage-first heap   total 296960K, used 274915K [0x0000000080000000, 0x0000000100000000)
  region size 1024K, 14 young (14336K), 1 survivors (1024K)
 Metaspace       used 153176K, capacity 157976K, committed 158300K, reserved 1185792K
  class space    used 19551K, capacity 21306K, committed 21440K, reserved 1048576K
}
Event: 1281.660 GC heap after
{Heap after GC invocations=143 (full 0):
 garbage-first heap   total 296960K, used 264511K [0x0000000080000000, 0x0000000100000000)
  region size 1024K, 2 young (2048K), 2 survivors (2048K)
 Metaspace       used 153176K, capacity 157976K, committed 158300K, reserved 1185792K
  class space    used 19551K, capacity 21306K, committed 21440K, reserved 1048576K
}
Event: 1281.792 GC heap before
{Heap before GC invocations=144 (full 0):
 garbage-first heap   total 296960K, used 275775K [0x0000000080000000, 0x0000000100000000)
  region size 1024K, 14 young (14336K), 2 survivors (2048K)
 Metaspace       used 153640K, capacity 158360K, committed 158556K, reserved 1185792K
  class space    used 19589K, capacity 21340K, committed 21440K, reserved 1048576K
}
Event: 1281.797 GC heap after
{Heap after GC invocations=145 (full 0):
 garbage-first heap   total 296960K, used 266648K [0x0000000080000000, 0x0000000100000000)
  region size 1024K, 2 young (2048K), 2 survivors (2048K)
 Metaspace       used 153640K, capacity 158360K, committed 158556K, reserved 1185792K
  class space    used 19589K, capacity 21340K, committed 21440K, reserved 1048576K
}
Event: 1282.001 GC heap before
{Heap before GC invocations=145 (full 0):
 garbage-first heap   total 296960K, used 277912K [0x0000000080000000, 0x0000000100000000)
  region size 1024K, 14 young (14336K), 2 survivors (2048K)
 Metaspace       used 155298K, capacity 160024K, committed 160220K, reserved 1187840K
  class space    used 19727K, capacity 21468K, committed 21568K, reserved 1048576K
}
Event: 1282.015 GC heap after
{Heap after GC invocations=146 (full 0):
 garbage-first heap   total 296960K, used 266050K [0x0000000080000000, 0x0000000100000000)
  region size 1024K, 2 young (2048K), 2 survivors (2048K)
 Metaspace       used 155298K, capacity 160024K, committed 160220K, reserved 1187840K
  class space    used 19727K, capacity 21468K, committed 21568K, reserved 1048576K
}
Event: 1282.150 GC heap before
{Heap before GC invocations=146 (full 0):
 garbage-first heap   total 296960K, used 278338K [0x0000000080000000, 0x0000000100000000)
  region size 1024K, 14 young (14336K), 2 survivors (2048K)
 Metaspace       used 155384K, capacity 160088K, committed 160476K, reserved 1187840K
  class space    used 19727K, capacity 21468K, committed 21568K, reserved 1048576K
}
Event: 1282.160 GC heap after
{Heap after GC invocations=147 (full 0):
 garbage-first heap   total 356352K, used 266990K [0x0000000080000000, 0x0000000100000000)
  region size 1024K, 2 young (2048K), 2 survivors (2048K)
 Metaspace       used 155384K, capacity 160088K, committed 160476K, reserved 1187840K
  class space    used 19727K, capacity 21468K, committed 21568K, reserved 1048576K
}
Event: 1282.603 GC heap before
{Heap before GC invocations=147 (full 0):
 garbage-first heap   total 356352K, used 280302K [0x0000000080000000, 0x0000000100000000)
  region size 1024K, 30 young (30720K), 2 survivors (2048K)
 Metaspace       used 155588K, capacity 160289K, committed 160476K, reserved 1187840K
  class space    used 19727K, capacity 21468K, committed 21568K, reserved 1048576K
}
Event: 1282.609 GC heap after
{Heap after GC invocations=148 (full 0):
 garbage-first heap   total 356352K, used 252436K [0x0000000080000000, 0x0000000100000000)
  region size 1024K, 3 young (3072K), 3 survivors (3072K)
 Metaspace       used 155588K, capacity 160289K, committed 160476K, reserved 1187840K
  class space    used 19727K, capacity 21468K, committed 21568K, reserved 1048576K
}
Event: 1283.059 GC heap before
{Heap before GC invocations=149 (full 0):
 garbage-first heap   total 356352K, used 288276K [0x0000000080000000, 0x0000000100000000)
  region size 1024K, 39 young (39936K), 3 survivors (3072K)
 Metaspace       used 155822K, capacity 160584K, committed 160732K, reserved 1187840K
  class space    used 19739K, capacity 21501K, committed 21568K, reserved 1048576K
}
Event: 1283.069 GC heap after
{Heap after GC invocations=150 (full 0):
 garbage-first heap   total 356352K, used 255046K [0x0000000080000000, 0x0000000100000000)
  region size 1024K, 5 young (5120K), 5 survivors (5120K)
 Metaspace       used 155822K, capacity 160584K, committed 160732K, reserved 1187840K
  class space    used 19739K, capacity 21501K, committed 21568K, reserved 1048576K
}
Event: 1283.195 GC heap before
{Heap before GC invocations=150 (full 0):
 garbage-first heap   total 356352K, used 266310K [0x0000000080000000, 0x0000000100000000)
  region size 1024K, 17 young (17408K), 5 survivors (5120K)
 Metaspace       used 156234K, capacity 161043K, committed 161372K, reserved 1189888K
  class space    used 19777K, capacity 21567K, committed 21696K, reserved 1048576K
}
Event: 1283.207 GC heap after
{Heap after GC invocations=151 (full 0):
 garbage-first heap   total 356352K, used 247152K [0x0000000080000000, 0x0000000100000000)
  region size 1024K, 3 young (3072K), 3 survivors (3072K)
 Metaspace       used 156234K, capacity 161043K, committed 161372K, reserved 1189888K
  class space    used 19777K, capacity 21567K, committed 21696K, reserved 1048576K
}
Event: 1283.933 GC heap before
{Heap before GC invocations=151 (full 0):
 garbage-first heap   total 356352K, used 288112K [0x0000000080000000, 0x0000000100000000)
  region size 1024K, 44 young (45056K), 3 survivors (3072K)
 Metaspace       used 157181K, capacity 161998K, committed 162140K, reserved 1189888K
  class space    used 19877K, capacity 21649K, committed 21696K, reserved 1048576K
}
Event: 1283.944 GC heap after
{Heap after GC invocations=152 (full 0):
 garbage-first heap   total 356352K, used 246237K [0x0000000080000000, 0x0000000100000000)
  region size 1024K, 2 young (2048K), 2 survivors (2048K)
 Metaspace       used 157181K, capacity 161998K, committed 162140K, reserved 1189888K
  class space    used 19877K, capacity 21649K, committed 21696K, reserved 1048576K
}
Event: 1285.181 GC heap before
{Heap before GC invocations=152 (full 0):
 garbage-first heap   total 356352K, used 291293K [0x0000000080000000, 0x0000000100000000)
  region size 1024K, 47 young (48128K), 2 survivors (2048K)
 Metaspace       used 158519K, capacity 163409K, committed 163548K, reserved 1191936K
  class space    used 19991K, capacity 21808K, committed 21824K, reserved 1048576K
}

