# JRE version: OpenJDK Runtime Environment (11.0.15) (build 11.0.15+0-b2043.56-9505619)
# Java VM: OpenJDK 64-Bit Server VM (11.0.15+0-b2043.56-9505619, mixed mode, tiered, compressed oops, g1 gc, windows-amd64)
Heap:
 garbage-first heap   total 394240K, used 266473K [0x0000000080000000, 0x0000000100000000)
  region size 1024K, 30 young (30720K), 8 survivors (8192K)
 Metaspace       used 127473K, capacity 131198K, committed 131248K, reserved 1163264K
  class space    used 16088K, capacity 17507K, committed 17536K, reserved 1048576K
GC Heap History (20 events):
Event: 76.669 GC heap before
{Heap before GC invocations=85 (full 0):
 garbage-first heap   total 394240K, used 286944K [0x0000000080000000, 0x0000000100000000)
  region size 1024K, 19 young (19456K), 1 survivors (1024K)
 Metaspace       used 125490K, capacity 128937K, committed 129328K, reserved 1161216K
  class space    used 15960K, capacity 17285K, committed 17408K, reserved 1048576K
}
Event: 76.695 GC heap after
{Heap after GC invocations=86 (full 0):
 garbage-first heap   total 394240K, used 246509K [0x0000000080000000, 0x0000000100000000)
  region size 1024K, 1 young (1024K), 1 survivors (1024K)
 Metaspace       used 125490K, capacity 128937K, committed 129328K, reserved 1161216K
  class space    used 15960K, capacity 17285K, committed 17408K, reserved 1048576K
}
Event: 293.763 GC heap before
{Heap before GC invocations=86 (full 0):
 garbage-first heap   total 394240K, used 330477K [0x0000000080000000, 0x0000000100000000)
  region size 1024K, 66 young (67584K), 1 survivors (1024K)
 Metaspace       used 126523K, capacity 130157K, committed 130480K, reserved 1163264K
  class space    used 16041K, capacity 17436K, committed 17536K, reserved 1048576K
}
Event: 293.780 GC heap after
{Heap after GC invocations=87 (full 0):
 garbage-first heap   total 394240K, used 241951K [0x0000000080000000, 0x0000000100000000)
  region size 1024K, 5 young (5120K), 5 survivors (5120K)
 Metaspace       used 126523K, capacity 130157K, committed 130480K, reserved 1163264K
  class space    used 16041K, capacity 17436K, committed 17536K, reserved 1048576K
}
Event: 295.759 GC heap before
{Heap before GC invocations=87 (full 0):
 garbage-first heap   total 394240K, used 314655K [0x0000000080000000, 0x0000000100000000)
  region size 1024K, 76 young (77824K), 5 survivors (5120K)
 Metaspace       used 126524K, capacity 130157K, committed 130480K, reserved 1163264K
  class space    used 16041K, capacity 17436K, committed 17536K, reserved 1048576K
}
Event: 295.767 GC heap after
{Heap after GC invocations=88 (full 0):
 garbage-first heap   total 394240K, used 242203K [0x0000000080000000, 0x0000000100000000)
  region size 1024K, 6 young (6144K), 6 survivors (6144K)
 Metaspace       used 126524K, capacity 130157K, committed 130480K, reserved 1163264K
  class space    used 16041K, capacity 17436K, committed 17536K, reserved 1048576K
}
Event: 297.714 GC heap before
{Heap before GC invocations=88 (full 0):
 garbage-first heap   total 394240K, used 317979K [0x0000000080000000, 0x0000000100000000)
  region size 1024K, 80 young (81920K), 6 survivors (6144K)
 Metaspace       used 126524K, capacity 130157K, committed 130480K, reserved 1163264K
  class space    used 16041K, capacity 17436K, committed 17536K, reserved 1048576K
}
Event: 297.721 GC heap after
{Heap after GC invocations=89 (full 0):
 garbage-first heap   total 394240K, used 242338K [0x0000000080000000, 0x0000000100000000)
  region size 1024K, 6 young (6144K), 6 survivors (6144K)
 Metaspace       used 126524K, capacity 130157K, committed 130480K, reserved 1163264K
  class space    used 16041K, capacity 17436K, committed 17536K, reserved 1048576K
}
Event: 299.721 GC heap before
{Heap before GC invocations=89 (full 0):
 garbage-first heap   total 394240K, used 328354K [0x0000000080000000, 0x0000000100000000)
  region size 1024K, 90 young (92160K), 6 survivors (6144K)
 Metaspace       used 126528K, capacity 130157K, committed 130480K, reserved 1163264K
  class space    used 16041K, capacity 17436K, committed 17536K, reserved 1048576K
}
Event: 299.728 GC heap after
{Heap after GC invocations=90 (full 0):
 garbage-first heap   total 394240K, used 242112K [0x0000000080000000, 0x0000000100000000)
  region size 1024K, 5 young (5120K), 5 survivors (5120K)
 Metaspace       used 126528K, capacity 130157K, committed 130480K, reserved 1163264K
  class space    used 16041K, capacity 17436K, committed 17536K, reserved 1048576K
}
Event: 304.958 GC heap before
{Heap before GC invocations=90 (full 0):
 garbage-first heap   total 394240K, used 333248K [0x0000000080000000, 0x0000000100000000)
  region size 1024K, 95 young (97280K), 5 survivors (5120K)
 Metaspace       used 126910K, capacity 130581K, committed 130736K, reserved 1163264K
  class space    used 16063K, capacity 17461K, committed 17536K, reserved 1048576K
}
Event: 304.976 GC heap after
{Heap after GC invocations=91 (full 0):
 garbage-first heap   total 394240K, used 248995K [0x0000000080000000, 0x0000000100000000)
  region size 1024K, 12 young (12288K), 12 survivors (12288K)
 Metaspace       used 126910K, capacity 130581K, committed 130736K, reserved 1163264K
  class space    used 16063K, capacity 17461K, committed 17536K, reserved 1048576K
}
Event: 410.053 GC heap before
{Heap before GC invocations=91 (full 0):
 garbage-first heap   total 394240K, used 332963K [0x0000000080000000, 0x0000000100000000)
  region size 1024K, 95 young (97280K), 12 survivors (12288K)
 Metaspace       used 127267K, capacity 130928K, committed 130992K, reserved 1163264K
  class space    used 16077K, capacity 17487K, committed 17536K, reserved 1048576K
}
Event: 410.065 GC heap after
{Heap after GC invocations=92 (full 0):
 garbage-first heap   total 394240K, used 244322K [0x0000000080000000, 0x0000000100000000)
  region size 1024K, 6 young (6144K), 6 survivors (6144K)
 Metaspace       used 127267K, capacity 130928K, committed 130992K, reserved 1163264K
  class space    used 16077K, capacity 17487K, committed 17536K, reserved 1048576K
}
Event: 412.890 GC heap before
{Heap before GC invocations=92 (full 0):
 garbage-first heap   total 394240K, used 334434K [0x0000000080000000, 0x0000000100000000)
  region size 1024K, 94 young (96256K), 6 survivors (6144K)
 Metaspace       used 127267K, capacity 130928K, committed 130992K, reserved 1163264K
  class space    used 16077K, capacity 17487K, committed 17536K, reserved 1048576K
}
Event: 412.897 GC heap after
{Heap after GC invocations=93 (full 0):
 garbage-first heap   total 394240K, used 243683K [0x0000000080000000, 0x0000000100000000)
  region size 1024K, 5 young (5120K), 5 survivors (5120K)
 Metaspace       used 127267K, capacity 130928K, committed 130992K, reserved 1163264K
  class space    used 16077K, capacity 17487K, committed 17536K, reserved 1048576K
}
Event: 415.899 GC heap before
{Heap before GC invocations=93 (full 0):
 garbage-first heap   total 394240K, used 335843K [0x0000000080000000, 0x0000000100000000)
  region size 1024K, 95 young (97280K), 5 survivors (5120K)
 Metaspace       used 127267K, capacity 130928K, committed 130992K, reserved 1163264K
  class space    used 16077K, capacity 17487K, committed 17536K, reserved 1048576K
}
Event: 415.905 GC heap after
{Heap after GC invocations=94 (full 0):
 garbage-first heap   total 394240K, used 243650K [0x0000000080000000, 0x0000000100000000)
  region size 1024K, 5 young (5120K), 5 survivors (5120K)
 Metaspace       used 127267K, capacity 130928K, committed 130992K, reserved 1163264K
  class space    used 16077K, capacity 17487K, committed 17536K, reserved 1048576K
}
Event: 418.823 GC heap before
{Heap before GC invocations=94 (full 0):
 garbage-first heap   total 394240K, used 337858K [0x0000000080000000, 0x0000000100000000)
  region size 1024K, 97 young (99328K), 5 survivors (5120K)
 Metaspace       used 127382K, capacity 131074K, committed 131248K, reserved 1163264K
  class space    used 16079K, capacity 17490K, committed 17536K, reserved 1048576K
}
Event: 418.836 GC heap after
{Heap after GC invocations=95 (full 0):
 garbage-first heap   total 394240K, used 245993K [0x0000000080000000, 0x0000000100000000)
  region size 1024K, 8 young (8192K), 8 survivors (8192K)
 Metaspace       used 127382K, capacity 131074K, committed 131248K, reserved 1163264K
  class space    used 16079K, capacity 17490K, committed 17536K, reserved 1048576K
}

