# JRE version: OpenJDK Runtime Environment (11.0.15) (build 11.0.15+0-b2043.56-9505619)
# Java VM: OpenJDK 64-Bit Server VM (11.0.15+0-b2043.56-9505619, mixed mode, tiered, compressed oops, g1 gc, windows-amd64)
Heap:
 garbage-first heap   total 599040K, used 224439K [0x0000000080000000, 0x0000000100000000)
  region size 1024K, 3 young (3072K), 3 survivors (3072K)
 Metaspace       used 113150K, capacity 116366K, committed 116400K, reserved 1150976K
  class space    used 14737K, capacity 15968K, committed 16000K, reserved 1048576K
GC Heap History (20 events):
Event: 53.472 GC heap after
{Heap after GC invocations=50 (full 0):
 garbage-first heap   total 197632K, used 144672K [0x0000000080000000, 0x0000000100000000)
  region size 1024K, 5 young (5120K), 5 survivors (5120K)
 Metaspace       used 106110K, capacity 108908K, committed 109104K, reserved 1144832K
  class space    used 13673K, capacity 14723K, committed 14848K, reserved 1048576K
}
Event: 53.552 GC heap before
{Heap before GC invocations=50 (full 0):
 garbage-first heap   total 197632K, used 155936K [0x0000000080000000, 0x0000000100000000)
  region size 1024K, 17 young (17408K), 5 survivors (5120K)
 Metaspace       used 106111K, capacity 108908K, committed 109104K, reserved 1144832K
  class space    used 13673K, capacity 14723K, committed 14848K, reserved 1048576K
}
Event: 53.566 GC heap after
{Heap after GC invocations=51 (full 0):
 garbage-first heap   total 197632K, used 149787K [0x0000000080000000, 0x0000000100000000)
  region size 1024K, 4 young (4096K), 4 survivors (4096K)
 Metaspace       used 106111K, capacity 108908K, committed 109104K, reserved 1144832K
  class space    used 13673K, capacity 14723K, committed 14848K, reserved 1048576K
}
Event: 53.721 GC heap before
{Heap before GC invocations=51 (full 0):
 garbage-first heap   total 197632K, used 165147K [0x0000000080000000, 0x0000000100000000)
  region size 1024K, 18 young (18432K), 4 survivors (4096K)
 Metaspace       used 106113K, capacity 108908K, committed 109104K, reserved 1144832K
  class space    used 13673K, capacity 14723K, committed 14848K, reserved 1048576K
}
Event: 53.744 GC heap after
{Heap after GC invocations=52 (full 0):
 garbage-first heap   total 244736K, used 157695K [0x0000000080000000, 0x0000000100000000)
  region size 1024K, 3 young (3072K), 3 survivors (3072K)
 Metaspace       used 106113K, capacity 108908K, committed 109104K, reserved 1144832K
  class space    used 13673K, capacity 14723K, committed 14848K, reserved 1048576K
}
Event: 54.262 GC heap before
{Heap before GC invocations=53 (full 0):
 garbage-first heap   total 244736K, used 185343K [0x0000000080000000, 0x0000000100000000)
  region size 1024K, 31 young (31744K), 3 survivors (3072K)
 Metaspace       used 108457K, capacity 111330K, committed 111664K, reserved 1146880K
  class space    used 14151K, capacity 15239K, committed 15360K, reserved 1048576K
}
Event: 54.293 GC heap after
{Heap after GC invocations=54 (full 0):
 garbage-first heap   total 244736K, used 169777K [0x0000000080000000, 0x0000000100000000)
  region size 1024K, 4 young (4096K), 4 survivors (4096K)
 Metaspace       used 108457K, capacity 111330K, committed 111664K, reserved 1146880K
  class space    used 14151K, capacity 15239K, committed 15360K, reserved 1048576K
}
Event: 54.416 GC heap before
{Heap before GC invocations=54 (full 0):
 garbage-first heap   total 244736K, used 192305K [0x0000000080000000, 0x0000000100000000)
  region size 1024K, 27 young (27648K), 4 survivors (4096K)
 Metaspace       used 108533K, capacity 111405K, committed 111664K, reserved 1146880K
  class space    used 14151K, capacity 15239K, committed 15360K, reserved 1048576K
}
Event: 54.443 GC heap after
{Heap after GC invocations=55 (full 0):
 garbage-first heap   total 244736K, used 182271K [0x0000000080000000, 0x0000000100000000)
  region size 1024K, 4 young (4096K), 4 survivors (4096K)
 Metaspace       used 108533K, capacity 111405K, committed 111664K, reserved 1146880K
  class space    used 14151K, capacity 15239K, committed 15360K, reserved 1048576K
}
Event: 54.520 GC heap before
{Heap before GC invocations=55 (full 0):
 garbage-first heap   total 244736K, used 199679K [0x0000000080000000, 0x0000000100000000)
  region size 1024K, 21 young (21504K), 4 survivors (4096K)
 Metaspace       used 108545K, capacity 111405K, committed 111664K, reserved 1146880K
  class space    used 14151K, capacity 15239K, committed 15360K, reserved 1048576K
}
Event: 54.539 GC heap after
{Heap after GC invocations=56 (full 0):
 garbage-first heap   total 244736K, used 192300K [0x0000000080000000, 0x0000000100000000)
  region size 1024K, 3 young (3072K), 3 survivors (3072K)
 Metaspace       used 108545K, capacity 111405K, committed 111664K, reserved 1146880K
  class space    used 14151K, capacity 15239K, committed 15360K, reserved 1048576K
}
Event: 54.597 GC heap before
{Heap before GC invocations=56 (full 0):
 garbage-first heap   total 244736K, used 204588K [0x0000000080000000, 0x0000000100000000)
  region size 1024K, 15 young (15360K), 3 survivors (3072K)
 Metaspace       used 108559K, capacity 111409K, committed 111664K, reserved 1146880K
  class space    used 14151K, capacity 15239K, committed 15360K, reserved 1048576K
}
Event: 54.622 GC heap after
{Heap after GC invocations=57 (full 0):
 garbage-first heap   total 409600K, used 199414K [0x0000000080000000, 0x0000000100000000)
  region size 1024K, 2 young (2048K), 2 survivors (2048K)
 Metaspace       used 108559K, capacity 111409K, committed 111664K, reserved 1146880K
  class space    used 14151K, capacity 15239K, committed 15360K, reserved 1048576K
}
Event: 56.176 GC heap before
{Heap before GC invocations=58 (full 0):
 garbage-first heap   total 409600K, used 259830K [0x0000000080000000, 0x0000000100000000)
  region size 1024K, 62 young (63488K), 2 survivors (2048K)
 Metaspace       used 111715K, capacity 114855K, committed 114992K, reserved 1148928K
  class space    used 14601K, capacity 15789K, committed 15872K, reserved 1048576K
}
Event: 56.208 GC heap after
{Heap after GC invocations=59 (full 0):
 garbage-first heap   total 409600K, used 213949K [0x0000000080000000, 0x0000000100000000)
  region size 1024K, 8 young (8192K), 8 survivors (8192K)
 Metaspace       used 111715K, capacity 114855K, committed 114992K, reserved 1148928K
  class space    used 14601K, capacity 15789K, committed 15872K, reserved 1048576K
}
Event: 56.933 GC heap before
{Heap before GC invocations=59 (full 0):
 garbage-first heap   total 409600K, used 262077K [0x0000000080000000, 0x0000000100000000)
  region size 1024K, 56 young (57344K), 8 survivors (8192K)
 Metaspace       used 112552K, capacity 115736K, committed 115888K, reserved 1148928K
  class space    used 14697K, capacity 15921K, committed 16000K, reserved 1048576K
}
Event: 56.963 GC heap after
{Heap after GC invocations=60 (full 0):
 garbage-first heap   total 409600K, used 220023K [0x0000000080000000, 0x0000000100000000)
  region size 1024K, 6 young (6144K), 6 survivors (6144K)
 Metaspace       used 112552K, capacity 115736K, committed 115888K, reserved 1148928K
  class space    used 14697K, capacity 15921K, committed 16000K, reserved 1048576K
}
Event: 58.302 GC heap before
{Heap before GC invocations=61 (full 0):
 garbage-first heap   total 409600K, used 285559K [0x0000000080000000, 0x0000000100000000)
  region size 1024K, 67 young (68608K), 6 survivors (6144K)
 Metaspace       used 112809K, capacity 115954K, committed 116144K, reserved 1148928K
  class space    used 14704K, capacity 15896K, committed 16000K, reserved 1048576K
}
Event: 58.337 GC heap after
{Heap after GC invocations=62 (full 0):
 garbage-first heap   total 409600K, used 229957K [0x0000000080000000, 0x0000000100000000)
  region size 1024K, 7 young (7168K), 7 survivors (7168K)
 Metaspace       used 112809K, capacity 115954K, committed 116144K, reserved 1148928K
  class space    used 14704K, capacity 15896K, committed 16000K, reserved 1048576K
}
Event: 58.465 GC heap before
{Heap before GC invocations=62 (full 0):
 garbage-first heap   total 409600K, used 242245K [0x0000000080000000, 0x0000000100000000)
  region size 1024K, 20 young (20480K), 7 survivors (7168K)
 Metaspace       used 113150K, capacity 116366K, committed 116400K, reserved 1150976K
  class space    used 14737K, capacity 15968K, committed 16000K, reserved 1048576K
}

