# JRE version: OpenJDK Runtime Environment (11.0.15) (build 11.0.15+0-b2043.56-9505619)
# Java VM: OpenJDK 64-Bit Server VM (11.0.15+0-b2043.56-9505619, mixed mode, tiered, compressed oops, g1 gc, windows-amd64)
Heap:
 garbage-first heap   total 593920K, used 228551K [0x0000000080000000, 0x0000000100000000)
  region size 1024K, 4 young (4096K), 4 survivors (4096K)
 Metaspace       used 112559K, capacity 115777K, committed 115996K, reserved 1148928K
  class space    used 14711K, capacity 15938K, committed 16000K, reserved 1048576K
GC Heap History (20 events):
Event: 43.255 GC heap after
{Heap after GC invocations=45 (full 0):
 garbage-first heap   total 183296K, used 105456K [0x0000000080000000, 0x0000000100000000)
  region size 1024K, 1 young (1024K), 1 survivors (1024K)
 Metaspace       used 99740K, capacity 102395K, committed 102684K, reserved 1138688K
  class space    used 12847K, capacity 13885K, committed 13952K, reserved 1048576K
}
Event: 43.466 GC heap before
{Heap before GC invocations=45 (full 0):
 garbage-first heap   total 183296K, used 126960K [0x0000000080000000, 0x0000000100000000)
  region size 1024K, 24 young (24576K), 1 survivors (1024K)
 Metaspace       used 100681K, capacity 103422K, committed 103580K, reserved 1138688K
  class space    used 12972K, capacity 14004K, committed 14080K, reserved 1048576K
}
Event: 43.475 GC heap after
{Heap after GC invocations=46 (full 0):
 garbage-first heap   total 183296K, used 106104K [0x0000000080000000, 0x0000000100000000)
  region size 1024K, 2 young (2048K), 2 survivors (2048K)
 Metaspace       used 100681K, capacity 103422K, committed 103580K, reserved 1138688K
  class space    used 12972K, capacity 14004K, committed 14080K, reserved 1048576K
}
Event: 44.027 GC heap before
{Heap before GC invocations=47 (full 0):
 garbage-first heap   total 183296K, used 154232K [0x0000000080000000, 0x0000000100000000)
  region size 1024K, 39 young (39936K), 2 survivors (2048K)
 Metaspace       used 105102K, capacity 107789K, committed 108060K, reserved 1142784K
  class space    used 13557K, capacity 14608K, committed 14720K, reserved 1048576K
}
Event: 44.035 GC heap after
{Heap after GC invocations=48 (full 0):
 garbage-first heap   total 220160K, used 122402K [0x0000000080000000, 0x0000000100000000)
  region size 1024K, 5 young (5120K), 5 survivors (5120K)
 Metaspace       used 105102K, capacity 107789K, committed 108060K, reserved 1142784K
  class space    used 13557K, capacity 14608K, committed 14720K, reserved 1048576K
}
Event: 44.063 GC heap before
{Heap before GC invocations=48 (full 0):
 garbage-first heap   total 220160K, used 135714K [0x0000000080000000, 0x0000000100000000)
  region size 1024K, 10 young (10240K), 5 survivors (5120K)
 Metaspace       used 105184K, capacity 107932K, committed 108060K, reserved 1142784K
  class space    used 13568K, capacity 14615K, committed 14720K, reserved 1048576K
}
Event: 44.070 GC heap after
{Heap after GC invocations=49 (full 0):
 garbage-first heap   total 220160K, used 127988K [0x0000000080000000, 0x0000000100000000)
  region size 1024K, 2 young (2048K), 2 survivors (2048K)
 Metaspace       used 105184K, capacity 107932K, committed 108060K, reserved 1142784K
  class space    used 13568K, capacity 14615K, committed 14720K, reserved 1048576K
}
Event: 44.595 GC heap before
{Heap before GC invocations=49 (full 0):
 garbage-first heap   total 220160K, used 191476K [0x0000000080000000, 0x0000000100000000)
  region size 1024K, 45 young (46080K), 2 survivors (2048K)
 Metaspace       used 106023K, capacity 108785K, committed 108956K, reserved 1142784K
  class space    used 13672K, capacity 14729K, committed 14848K, reserved 1048576K
}
Event: 44.623 GC heap after
{Heap after GC invocations=50 (full 0):
 garbage-first heap   total 220160K, used 152117K [0x0000000080000000, 0x0000000100000000)
  region size 1024K, 6 young (6144K), 6 survivors (6144K)
 Metaspace       used 106023K, capacity 108785K, committed 108956K, reserved 1142784K
  class space    used 13672K, capacity 14729K, committed 14848K, reserved 1048576K
}
Event: 45.178 GC heap before
{Heap before GC invocations=51 (full 0):
 garbage-first heap   total 220160K, used 180789K [0x0000000080000000, 0x0000000100000000)
  region size 1024K, 33 young (33792K), 6 survivors (6144K)
 Metaspace       used 108353K, capacity 111200K, committed 111516K, reserved 1144832K
  class space    used 14147K, capacity 15239K, committed 15360K, reserved 1048576K
}
Event: 45.208 GC heap after
{Heap after GC invocations=52 (full 0):
 garbage-first heap   total 220160K, used 163148K [0x0000000080000000, 0x0000000100000000)
  region size 1024K, 5 young (5120K), 5 survivors (5120K)
 Metaspace       used 108353K, capacity 111200K, committed 111516K, reserved 1144832K
  class space    used 14147K, capacity 15239K, committed 15360K, reserved 1048576K
}
Event: 45.316 GC heap before
{Heap before GC invocations=52 (full 0):
 garbage-first heap   total 220160K, used 182604K [0x0000000080000000, 0x0000000100000000)
  region size 1024K, 24 young (24576K), 5 survivors (5120K)
 Metaspace       used 108414K, capacity 111330K, committed 111516K, reserved 1144832K
  class space    used 14147K, capacity 15239K, committed 15360K, reserved 1048576K
}
Event: 45.346 GC heap after
{Heap after GC invocations=53 (full 0):
 garbage-first heap   total 336896K, used 173250K [0x0000000080000000, 0x0000000100000000)
  region size 1024K, 3 young (3072K), 3 survivors (3072K)
 Metaspace       used 108414K, capacity 111330K, committed 111516K, reserved 1144832K
  class space    used 14147K, capacity 15239K, committed 15360K, reserved 1048576K
}
Event: 45.629 GC heap before
{Heap before GC invocations=53 (full 0):
 garbage-first heap   total 336896K, used 225474K [0x0000000080000000, 0x0000000100000000)
  region size 1024K, 55 young (56320K), 3 survivors (3072K)
 Metaspace       used 108462K, capacity 111337K, committed 111516K, reserved 1144832K
  class space    used 14147K, capacity 15239K, committed 15360K, reserved 1048576K
}
Event: 45.668 GC heap after
{Heap after GC invocations=54 (full 0):
 garbage-first heap   total 336896K, used 200966K [0x0000000080000000, 0x0000000100000000)
  region size 1024K, 7 young (7168K), 7 survivors (7168K)
 Metaspace       used 108462K, capacity 111337K, committed 111516K, reserved 1144832K
  class space    used 14147K, capacity 15239K, committed 15360K, reserved 1048576K
}
Event: 46.740 GC heap before
{Heap before GC invocations=54 (full 0):
 garbage-first heap   total 336896K, used 243974K [0x0000000080000000, 0x0000000100000000)
  region size 1024K, 50 young (51200K), 7 survivors (7168K)
 Metaspace       used 111551K, capacity 114687K, committed 114844K, reserved 1148928K
  class space    used 14594K, capacity 15781K, committed 15872K, reserved 1048576K
}
Event: 46.769 GC heap after
{Heap after GC invocations=55 (full 0):
 garbage-first heap   total 336896K, used 211424K [0x0000000080000000, 0x0000000100000000)
  region size 1024K, 7 young (7168K), 7 survivors (7168K)
 Metaspace       used 111551K, capacity 114687K, committed 114844K, reserved 1148928K
  class space    used 14594K, capacity 15781K, committed 15872K, reserved 1048576K
}
Event: 47.342 GC heap before
{Heap before GC invocations=55 (full 0):
 garbage-first heap   total 336896K, used 253408K [0x0000000080000000, 0x0000000100000000)
  region size 1024K, 49 young (50176K), 7 survivors (7168K)
 Metaspace       used 112315K, capacity 115538K, committed 115740K, reserved 1148928K
  class space    used 14695K, capacity 15930K, committed 16000K, reserved 1048576K
}
Event: 47.359 GC heap after
{Heap after GC invocations=56 (full 0):
 garbage-first heap   total 336896K, used 218496K [0x0000000080000000, 0x0000000100000000)
  region size 1024K, 6 young (6144K), 6 survivors (6144K)
 Metaspace       used 112315K, capacity 115538K, committed 115740K, reserved 1148928K
  class space    used 14695K, capacity 15930K, committed 16000K, reserved 1048576K
}
Event: 48.135 GC heap before
{Heap before GC invocations=56 (full 0):
 garbage-first heap   total 336896K, used 268672K [0x0000000080000000, 0x0000000100000000)
  region size 1024K, 48 young (49152K), 6 survivors (6144K)
 Metaspace       used 112559K, capacity 115777K, committed 115996K, reserved 1148928K
  class space    used 14711K, capacity 15938K, committed 16000K, reserved 1048576K
}

