# JRE version: OpenJDK Runtime Environment (11.0.15) (build 11.0.15+0-b2043.56-9505619)
# Java VM: OpenJDK 64-Bit Server VM (11.0.15+0-b2043.56-9505619, mixed mode, tiered, compressed oops, g1 gc, windows-amd64)
Heap:
 garbage-first heap   total 612352K, used 199537K [0x0000000080000000, 0x0000000100000000)
  region size 1024K, 5 young (5120K), 5 survivors (5120K)
 Metaspace       used 104437K, capacity 107444K, committed 107688K, reserved 1142784K
  class space    used 13739K, capacity 14880K, committed 14976K, reserved 1048576K
GC Heap History (20 events):
Event: 43.904 GC heap after
{Heap after GC invocations=46 (full 0):
 garbage-first heap   total 160768K, used 130989K [0x0000000080000000, 0x0000000100000000)
  region size 1024K, 3 young (3072K), 3 survivors (3072K)
 Metaspace       used 97566K, capacity 100112K, committed 100264K, reserved 1136640K
  class space    used 12657K, capacity 13639K, committed 13696K, reserved 1048576K
}
Event: 44.044 GC heap before
{Heap before GC invocations=46 (full 0):
 garbage-first heap   total 160768K, used 139181K [0x0000000080000000, 0x0000000100000000)
  region size 1024K, 12 young (12288K), 3 survivors (3072K)
 Metaspace       used 98228K, capacity 100886K, committed 101160K, reserved 1136640K
  class space    used 12751K, capacity 13726K, committed 13824K, reserved 1048576K
}
Event: 44.049 GC heap after
{Heap after GC invocations=47 (full 0):
 garbage-first heap   total 160768K, used 134047K [0x0000000080000000, 0x0000000100000000)
  region size 1024K, 2 young (2048K), 2 survivors (2048K)
 Metaspace       used 98228K, capacity 100886K, committed 101160K, reserved 1136640K
  class space    used 12751K, capacity 13726K, committed 13824K, reserved 1048576K
}
Event: 44.188 GC heap before
{Heap before GC invocations=47 (full 0):
 garbage-first heap   total 160768K, used 140191K [0x0000000080000000, 0x0000000100000000)
  region size 1024K, 8 young (8192K), 2 survivors (2048K)
 Metaspace       used 98285K, capacity 100887K, committed 101160K, reserved 1136640K
  class space    used 12756K, capacity 13726K, committed 13824K, reserved 1048576K
}
Event: 44.197 GC heap after
{Heap after GC invocations=48 (full 0):
 garbage-first heap   total 193536K, used 136678K [0x0000000080000000, 0x0000000100000000)
  region size 1024K, 1 young (1024K), 1 survivors (1024K)
 Metaspace       used 98285K, capacity 100887K, committed 101160K, reserved 1136640K
  class space    used 12756K, capacity 13726K, committed 13824K, reserved 1048576K
}
Event: 44.432 GC heap before
{Heap before GC invocations=49 (full 0):
 garbage-first heap   total 193536K, used 156134K [0x0000000080000000, 0x0000000100000000)
  region size 1024K, 22 young (22528K), 1 survivors (1024K)
 Metaspace       used 98341K, capacity 100997K, committed 101160K, reserved 1136640K
  class space    used 12766K, capacity 13763K, committed 13824K, reserved 1048576K
}
Event: 44.448 GC heap after
{Heap after GC invocations=50 (full 0):
 garbage-first heap   total 193536K, used 144888K [0x0000000080000000, 0x0000000100000000)
  region size 1024K, 3 young (3072K), 3 survivors (3072K)
 Metaspace       used 98341K, capacity 100997K, committed 101160K, reserved 1136640K
  class space    used 12766K, capacity 13763K, committed 13824K, reserved 1048576K
}
Event: 44.603 GC heap before
{Heap before GC invocations=50 (full 0):
 garbage-first heap   total 193536K, used 161272K [0x0000000080000000, 0x0000000100000000)
  region size 1024K, 18 young (18432K), 3 survivors (3072K)
 Metaspace       used 98364K, capacity 101000K, committed 101160K, reserved 1136640K
  class space    used 12770K, capacity 13764K, committed 13824K, reserved 1048576K
}
Event: 44.626 GC heap after
{Heap after GC invocations=51 (full 0):
 garbage-first heap   total 193536K, used 153582K [0x0000000080000000, 0x0000000100000000)
  region size 1024K, 3 young (3072K), 3 survivors (3072K)
 Metaspace       used 98364K, capacity 101000K, committed 101160K, reserved 1136640K
  class space    used 12770K, capacity 13764K, committed 13824K, reserved 1048576K
}
Event: 45.024 GC heap before
{Heap before GC invocations=52 (full 0):
 garbage-first heap   total 193536K, used 162798K [0x0000000080000000, 0x0000000100000000)
  region size 1024K, 13 young (13312K), 3 survivors (3072K)
 Metaspace       used 100583K, capacity 103299K, committed 103464K, reserved 1138688K
  class space    used 13233K, capacity 14258K, committed 14336K, reserved 1048576K
}
Event: 45.043 GC heap after
{Heap after GC invocations=53 (full 0):
 garbage-first heap   total 193536K, used 156522K [0x0000000080000000, 0x0000000100000000)
  region size 1024K, 2 young (2048K), 2 survivors (2048K)
 Metaspace       used 100583K, capacity 103299K, committed 103464K, reserved 1138688K
  class space    used 13233K, capacity 14258K, committed 14336K, reserved 1048576K
}
Event: 45.143 GC heap before
{Heap before GC invocations=53 (full 0):
 garbage-first heap   total 193536K, used 165738K [0x0000000080000000, 0x0000000100000000)
  region size 1024K, 11 young (11264K), 2 survivors (2048K)
 Metaspace       used 100688K, capacity 103376K, committed 103464K, reserved 1138688K
  class space    used 13234K, capacity 14259K, committed 14336K, reserved 1048576K
}
Event: 45.160 GC heap after
{Heap after GC invocations=54 (full 0):
 garbage-first heap   total 306176K, used 161334K [0x0000000080000000, 0x0000000100000000)
  region size 1024K, 2 young (2048K), 2 survivors (2048K)
 Metaspace       used 100688K, capacity 103376K, committed 103464K, reserved 1138688K
  class space    used 13234K, capacity 14259K, committed 14336K, reserved 1048576K
}
Event: 45.564 GC heap before
{Heap before GC invocations=54 (full 0):
 garbage-first heap   total 306176K, used 205366K [0x0000000080000000, 0x0000000100000000)
  region size 1024K, 45 young (46080K), 2 survivors (2048K)
 Metaspace       used 100779K, capacity 103449K, committed 103720K, reserved 1138688K
  class space    used 13234K, capacity 14259K, committed 14336K, reserved 1048576K
}
Event: 45.596 GC heap after
{Heap after GC invocations=55 (full 0):
 garbage-first heap   total 306176K, used 183717K [0x0000000080000000, 0x0000000100000000)
  region size 1024K, 6 young (6144K), 6 survivors (6144K)
 Metaspace       used 100779K, capacity 103449K, committed 103720K, reserved 1138688K
  class space    used 13234K, capacity 14259K, committed 14336K, reserved 1048576K
}
Event: 45.877 GC heap before
{Heap before GC invocations=56 (full 0):
 garbage-first heap   total 306176K, used 220581K [0x0000000080000000, 0x0000000100000000)
  region size 1024K, 42 young (43008K), 6 survivors (6144K)
 Metaspace       used 100808K, capacity 103513K, committed 103720K, reserved 1138688K
  class space    used 13234K, capacity 14259K, committed 14336K, reserved 1048576K
}
Event: 45.909 GC heap after
{Heap after GC invocations=57 (full 0):
 garbage-first heap   total 306176K, used 203111K [0x0000000080000000, 0x0000000100000000)
  region size 1024K, 6 young (6144K), 6 survivors (6144K)
 Metaspace       used 100808K, capacity 103513K, committed 103720K, reserved 1138688K
  class space    used 13234K, capacity 14259K, committed 14336K, reserved 1048576K
}
Event: 46.887 GC heap before
{Heap before GC invocations=57 (full 0):
 garbage-first heap   total 306176K, used 232807K [0x0000000080000000, 0x0000000100000000)
  region size 1024K, 36 young (36864K), 6 survivors (6144K)
 Metaspace       used 103866K, capacity 106840K, committed 107048K, reserved 1142784K
  class space    used 13674K, capacity 14794K, committed 14848K, reserved 1048576K
}
Event: 46.908 GC heap after
{Heap after GC invocations=58 (full 0):
 garbage-first heap   total 306176K, used 207473K [0x0000000080000000, 0x0000000100000000)
  region size 1024K, 3 young (3072K), 3 survivors (3072K)
 Metaspace       used 103866K, capacity 106840K, committed 107048K, reserved 1142784K
  class space    used 13674K, capacity 14794K, committed 14848K, reserved 1048576K
}
Event: 47.637 GC heap before
{Heap before GC invocations=59 (full 0):
 garbage-first heap   total 306176K, used 226929K [0x0000000080000000, 0x0000000100000000)
  region size 1024K, 34 young (34816K), 3 survivors (3072K)
 Metaspace       used 104437K, capacity 107444K, committed 107688K, reserved 1142784K
  class space    used 13739K, capacity 14880K, committed 14976K, reserved 1048576K
}

