# JRE version: OpenJDK Runtime Environment (11.0.15) (build 11.0.15+0-b2043.56-9505619)
# Java VM: OpenJDK 64-Bit Server VM (11.0.15+0-b2043.56-9505619, mixed mode, tiered, compressed oops, g1 gc, windows-amd64)
Heap:
 garbage-first heap   total 627712K, used 219021K [0x0000000080000000, 0x0000000100000000)
  region size 1024K, 2 young (2048K), 2 survivors (2048K)
 Metaspace       used 117236K, capacity 120592K, committed 120872K, reserved 1153024K
  class space    used 15224K, capacity 16535K, committed 16640K, reserved 1048576K
GC Heap History (20 events):
Event: 48.669 GC heap after
{Heap after GC invocations=55 (full 0):
 garbage-first heap   total 237568K, used 183296K [0x0000000080000000, 0x0000000100000000)
  region size 1024K, 3 young (3072K), 3 survivors (3072K)
 Metaspace       used 112785K, capacity 115967K, committed 116264K, reserved 1148928K
  class space    used 14744K, capacity 16027K, committed 16128K, reserved 1048576K
}
Event: 48.722 GC heap before
{Heap before GC invocations=55 (full 0):
 garbage-first heap   total 237568K, used 195584K [0x0000000080000000, 0x0000000100000000)
  region size 1024K, 16 young (16384K), 3 survivors (3072K)
 Metaspace       used 112794K, capacity 115968K, committed 116264K, reserved 1148928K
  class space    used 14744K, capacity 16027K, committed 16128K, reserved 1048576K
}
Event: 48.734 GC heap after
{Heap after GC invocations=56 (full 0):
 garbage-first heap   total 237568K, used 190677K [0x0000000080000000, 0x0000000100000000)
  region size 1024K, 2 young (2048K), 2 survivors (2048K)
 Metaspace       used 112794K, capacity 115968K, committed 116264K, reserved 1148928K
  class space    used 14744K, capacity 16027K, committed 16128K, reserved 1048576K
}
Event: 48.772 GC heap before
{Heap before GC invocations=56 (full 0):
 garbage-first heap   total 237568K, used 200917K [0x0000000080000000, 0x0000000100000000)
  region size 1024K, 12 young (12288K), 2 survivors (2048K)
 Metaspace       used 112794K, capacity 115968K, committed 116264K, reserved 1148928K
  class space    used 14744K, capacity 16027K, committed 16128K, reserved 1048576K
}
Event: 48.783 GC heap after
{Heap after GC invocations=57 (full 0):
 garbage-first heap   total 285696K, used 196552K [0x0000000080000000, 0x0000000100000000)
  region size 1024K, 2 young (2048K), 2 survivors (2048K)
 Metaspace       used 112794K, capacity 115968K, committed 116264K, reserved 1148928K
  class space    used 14744K, capacity 16027K, committed 16128K, reserved 1048576K
}
Event: 48.962 GC heap before
{Heap before GC invocations=57 (full 0):
 garbage-first heap   total 285696K, used 220104K [0x0000000080000000, 0x0000000100000000)
  region size 1024K, 26 young (26624K), 2 survivors (2048K)
 Metaspace       used 112738K, capacity 115877K, committed 116264K, reserved 1148928K
  class space    used 14723K, capacity 15990K, committed 16128K, reserved 1048576K
}
Event: 48.984 GC heap after
{Heap after GC invocations=58 (full 0):
 garbage-first heap   total 285696K, used 209670K [0x0000000080000000, 0x0000000100000000)
  region size 1024K, 4 young (4096K), 4 survivors (4096K)
 Metaspace       used 112738K, capacity 115877K, committed 116264K, reserved 1148928K
  class space    used 14723K, capacity 15990K, committed 16128K, reserved 1048576K
}
Event: 49.467 GC heap before
{Heap before GC invocations=59 (full 0):
 garbage-first heap   total 285696K, used 229126K [0x0000000080000000, 0x0000000100000000)
  region size 1024K, 24 young (24576K), 4 survivors (4096K)
 Metaspace       used 113327K, capacity 116618K, committed 116904K, reserved 1150976K
  class space    used 14817K, capacity 16129K, committed 16256K, reserved 1048576K
}
Event: 49.483 GC heap after
{Heap after GC invocations=60 (full 0):
 garbage-first heap   total 285696K, used 211573K [0x0000000080000000, 0x0000000100000000)
  region size 1024K, 2 young (2048K), 2 survivors (2048K)
 Metaspace       used 113327K, capacity 116618K, committed 116904K, reserved 1150976K
  class space    used 14817K, capacity 16129K, committed 16256K, reserved 1048576K
}
Event: 49.640 GC heap before
{Heap before GC invocations=60 (full 0):
 garbage-first heap   total 285696K, used 232053K [0x0000000080000000, 0x0000000100000000)
  region size 1024K, 22 young (22528K), 2 survivors (2048K)
 Metaspace       used 113435K, capacity 116709K, committed 116904K, reserved 1150976K
  class space    used 14824K, capacity 16134K, committed 16256K, reserved 1048576K
}
Event: 49.651 GC heap after
{Heap after GC invocations=61 (full 0):
 garbage-first heap   total 285696K, used 216196K [0x0000000080000000, 0x0000000100000000)
  region size 1024K, 3 young (3072K), 3 survivors (3072K)
 Metaspace       used 113435K, capacity 116709K, committed 116904K, reserved 1150976K
  class space    used 14824K, capacity 16134K, committed 16256K, reserved 1048576K
}
Event: 49.774 GC heap before
{Heap before GC invocations=61 (full 0):
 garbage-first heap   total 285696K, used 235652K [0x0000000080000000, 0x0000000100000000)
  region size 1024K, 23 young (23552K), 3 survivors (3072K)
 Metaspace       used 113710K, capacity 117058K, committed 117160K, reserved 1150976K
  class space    used 14849K, capacity 16183K, committed 16256K, reserved 1048576K
}
Event: 49.785 GC heap after
{Heap after GC invocations=62 (full 0):
 garbage-first heap   total 403456K, used 218586K [0x0000000080000000, 0x0000000100000000)
  region size 1024K, 3 young (3072K), 3 survivors (3072K)
 Metaspace       used 113710K, capacity 117058K, committed 117160K, reserved 1150976K
  class space    used 14849K, capacity 16183K, committed 16256K, reserved 1048576K
}
Event: 50.495 GC heap before
{Heap before GC invocations=63 (full 0):
 garbage-first heap   total 403456K, used 266714K [0x0000000080000000, 0x0000000100000000)
  region size 1024K, 62 young (63488K), 3 survivors (3072K)
 Metaspace       used 114196K, capacity 117524K, committed 117672K, reserved 1150976K
  class space    used 14884K, capacity 16219K, committed 16256K, reserved 1048576K
}
Event: 50.518 GC heap after
{Heap after GC invocations=64 (full 0):
 garbage-first heap   total 403456K, used 210950K [0x0000000080000000, 0x0000000100000000)
  region size 1024K, 7 young (7168K), 7 survivors (7168K)
 Metaspace       used 114196K, capacity 117524K, committed 117672K, reserved 1150976K
  class space    used 14884K, capacity 16219K, committed 16256K, reserved 1048576K
}
Event: 50.529 GC heap before
{Heap before GC invocations=64 (full 0):
 garbage-first heap   total 403456K, used 210950K [0x0000000080000000, 0x0000000100000000)
  region size 1024K, 8 young (8192K), 7 survivors (7168K)
 Metaspace       used 114198K, capacity 117524K, committed 117672K, reserved 1150976K
  class space    used 14884K, capacity 16219K, committed 16256K, reserved 1048576K
}
Event: 50.542 GC heap after
{Heap after GC invocations=65 (full 0):
 garbage-first heap   total 403456K, used 211049K [0x0000000080000000, 0x0000000100000000)
  region size 1024K, 4 young (4096K), 4 survivors (4096K)
 Metaspace       used 114198K, capacity 117524K, committed 117672K, reserved 1150976K
  class space    used 14884K, capacity 16219K, committed 16256K, reserved 1048576K
}
Event: 51.470 GC heap before
{Heap before GC invocations=66 (full 0):
 garbage-first heap   total 403456K, used 289897K [0x0000000080000000, 0x0000000100000000)
  region size 1024K, 75 young (76800K), 4 survivors (4096K)
 Metaspace       used 116457K, capacity 119799K, committed 119976K, reserved 1153024K
  class space    used 15132K, capacity 16442K, committed 16512K, reserved 1048576K
}
Event: 51.501 GC heap after
{Heap after GC invocations=67 (full 0):
 garbage-first heap   total 403456K, used 220596K [0x0000000080000000, 0x0000000100000000)
  region size 1024K, 7 young (7168K), 7 survivors (7168K)
 Metaspace       used 116457K, capacity 119799K, committed 119976K, reserved 1153024K
  class space    used 15132K, capacity 16442K, committed 16512K, reserved 1048576K
}
Event: 51.786 GC heap before
{Heap before GC invocations=67 (full 0):
 garbage-first heap   total 403456K, used 235956K [0x0000000080000000, 0x0000000100000000)
  region size 1024K, 19 young (19456K), 7 survivors (7168K)
 Metaspace       used 117236K, capacity 120592K, committed 120872K, reserved 1153024K
  class space    used 15224K, capacity 16535K, committed 16640K, reserved 1048576K
}

